goos: linux
goarch: amd64
pkg: uk.ac.bris.cs/gameoflife
cpu: 12th Gen Intel(R) Core(TM) i7-12700H
BenchmarkGol/512x512x1000-1-20         	       1	10660939116 ns/op
BenchmarkGol/512x512x1000-1-20         	       1	10399267549 ns/op
BenchmarkGol/512x512x1000-1-20         	       1	10497306030 ns/op
BenchmarkGol/512x512x1000-1-20         	       1	10391184586 ns/op
BenchmarkGol/512x512x1000-1-20         	       1	10353350261 ns/op
BenchmarkGol/512x512x1000-1-20         	       1	10306133671 ns/op
BenchmarkGol/512x512x1000-2-20         	       1	6679185443 ns/op
BenchmarkGol/512x512x1000-2-20         	       1	6414885837 ns/op
BenchmarkGol/512x512x1000-2-20         	       1	6361840132 ns/op
BenchmarkGol/512x512x1000-2-20         	       1	6406353678 ns/op
BenchmarkGol/512x512x1000-2-20         	       1	6440098695 ns/op
BenchmarkGol/512x512x1000-2-20         	       1	6515786671 ns/op
BenchmarkGol/512x512x1000-3-20         	       1	5033302729 ns/op
BenchmarkGol/512x512x1000-3-20         	       1	5072739710 ns/op
BenchmarkGol/512x512x1000-3-20         	       1	4878754849 ns/op
BenchmarkGol/512x512x1000-3-20         	       1	4769050496 ns/op
BenchmarkGol/512x512x1000-3-20         	       1	4814830493 ns/op
BenchmarkGol/512x512x1000-3-20         	       1	4892990791 ns/op
BenchmarkGol/512x512x1000-4-20         	       1	4133286616 ns/op
BenchmarkGol/512x512x1000-4-20         	       1	4243355156 ns/op
BenchmarkGol/512x512x1000-4-20         	       1	4083125999 ns/op
BenchmarkGol/512x512x1000-4-20         	       1	4133256154 ns/op
BenchmarkGol/512x512x1000-4-20         	       1	4121873271 ns/op
BenchmarkGol/512x512x1000-4-20         	       1	4026863671 ns/op
BenchmarkGol/512x512x1000-5-20         	       1	3866080834 ns/op
BenchmarkGol/512x512x1000-5-20         	       1	3736632724 ns/op
BenchmarkGol/512x512x1000-5-20         	       1	3761693219 ns/op
BenchmarkGol/512x512x1000-5-20         	       1	3781651170 ns/op
BenchmarkGol/512x512x1000-5-20         	       1	3826446753 ns/op
BenchmarkGol/512x512x1000-5-20         	       1	3767164554 ns/op
BenchmarkGol/512x512x1000-6-20         	       1	3480933160 ns/op
BenchmarkGol/512x512x1000-6-20         	       1	3480217580 ns/op
BenchmarkGol/512x512x1000-6-20         	       1	3475105511 ns/op
BenchmarkGol/512x512x1000-6-20         	       1	3551310494 ns/op
BenchmarkGol/512x512x1000-6-20         	       1	3530938039 ns/op
BenchmarkGol/512x512x1000-6-20         	       1	3489829671 ns/op
BenchmarkGol/512x512x1000-7-20         	       1	3499557895 ns/op
BenchmarkGol/512x512x1000-7-20         	       1	3446815588 ns/op
BenchmarkGol/512x512x1000-7-20         	       1	3489876973 ns/op
BenchmarkGol/512x512x1000-7-20         	       1	3503229512 ns/op
BenchmarkGol/512x512x1000-7-20         	       1	3521399151 ns/op
BenchmarkGol/512x512x1000-7-20         	       1	3545948388 ns/op
BenchmarkGol/512x512x1000-8-20         	       1	3379102229 ns/op
BenchmarkGol/512x512x1000-8-20         	       1	3390068194 ns/op
BenchmarkGol/512x512x1000-8-20         	       1	3341353446 ns/op
BenchmarkGol/512x512x1000-8-20         	       1	3398735705 ns/op
BenchmarkGol/512x512x1000-8-20         	       1	3395702881 ns/op
BenchmarkGol/512x512x1000-8-20         	       1	3500747274 ns/op
BenchmarkGol/512x512x1000-9-20         	       1	3301187076 ns/op
BenchmarkGol/512x512x1000-9-20         	       1	3318802441 ns/op
BenchmarkGol/512x512x1000-9-20         	       1	3268705663 ns/op
BenchmarkGol/512x512x1000-9-20         	       1	3302874600 ns/op
BenchmarkGol/512x512x1000-9-20         	       1	3332021204 ns/op
BenchmarkGol/512x512x1000-9-20         	       1	3320499937 ns/op
BenchmarkGol/512x512x1000-10-20        	       1	3228567712 ns/op
BenchmarkGol/512x512x1000-10-20        	       1	3231232493 ns/op
BenchmarkGol/512x512x1000-10-20        	       1	3200134810 ns/op
BenchmarkGol/512x512x1000-10-20        	       1	3174042799 ns/op
BenchmarkGol/512x512x1000-10-20        	       1	3174622679 ns/op
BenchmarkGol/512x512x1000-10-20        	       1	3213920655 ns/op
BenchmarkGol/512x512x1000-11-20        	       1	3197733377 ns/op
BenchmarkGol/512x512x1000-11-20        	       1	3220383619 ns/op
BenchmarkGol/512x512x1000-11-20        	       1	3181862617 ns/op
BenchmarkGol/512x512x1000-11-20        	       1	3183190168 ns/op
BenchmarkGol/512x512x1000-11-20        	       1	3125064303 ns/op
BenchmarkGol/512x512x1000-11-20        	       1	3235371556 ns/op
BenchmarkGol/512x512x1000-12-20        	       1	3298757108 ns/op
BenchmarkGol/512x512x1000-12-20        	       1	3214688322 ns/op
BenchmarkGol/512x512x1000-12-20        	       1	3063810146 ns/op
BenchmarkGol/512x512x1000-12-20        	       1	3456079365 ns/op
BenchmarkGol/512x512x1000-12-20        	       1	3191508091 ns/op
BenchmarkGol/512x512x1000-12-20        	       1	3112315699 ns/op
BenchmarkGol/512x512x1000-13-20        	       1	3221493973 ns/op
BenchmarkGol/512x512x1000-13-20        	       1	3236005333 ns/op
BenchmarkGol/512x512x1000-13-20        	       1	3159774906 ns/op
BenchmarkGol/512x512x1000-13-20        	       1	3390316001 ns/op
BenchmarkGol/512x512x1000-13-20        	       1	3348835347 ns/op
BenchmarkGol/512x512x1000-13-20        	       1	3219581607 ns/op
BenchmarkGol/512x512x1000-14-20        	       1	3062933139 ns/op
BenchmarkGol/512x512x1000-14-20        	       1	3125488954 ns/op
BenchmarkGol/512x512x1000-14-20        	       1	3112779538 ns/op
BenchmarkGol/512x512x1000-14-20        	       1	3146689242 ns/op
BenchmarkGol/512x512x1000-14-20        	       1	3079813141 ns/op
BenchmarkGol/512x512x1000-14-20        	       1	3192704366 ns/op
BenchmarkGol/512x512x1000-15-20        	       1	3040703398 ns/op
BenchmarkGol/512x512x1000-15-20        	       1	3121303759 ns/op
BenchmarkGol/512x512x1000-15-20        	       1	3361214865 ns/op
BenchmarkGol/512x512x1000-15-20        	       1	3244844456 ns/op
BenchmarkGol/512x512x1000-15-20        	       1	3002090681 ns/op
BenchmarkGol/512x512x1000-15-20        	       1	3119117924 ns/op
BenchmarkGol/512x512x1000-16-20        	       1	2933437533 ns/op
BenchmarkGol/512x512x1000-16-20        	       1	2997977885 ns/op
BenchmarkGol/512x512x1000-16-20        	       1	2903117284 ns/op
BenchmarkGol/512x512x1000-16-20        	       1	3049420053 ns/op
BenchmarkGol/512x512x1000-16-20        	       1	3140773366 ns/op
BenchmarkGol/512x512x1000-16-20        	       1	3144177520 ns/op
ok  	uk.ac.bris.cs/gameoflife	393.797s
